<?xml version="1.0" encoding="UTF-8"?>
<!-- Generated by org.testng.reporters.JUnitReportReporter -->
<testsuite hostname="Manoj-laptop1" failures="0" tests="1" name="PlaywrightDemo.LoginAndLogout" time="2.624" errors="0" timestamp="2025-08-29T18:55:52 IST" skipped="0">
  <testcase classname="PlaywrightDemo.LoginAndLogout" name="testLoginAndLogout" time="2.624"/>
</testsuite> <!-- PlaywrightDemo.LoginAndLogout -->
